{"C:\\Users\\sofka\\alldz\\dz10\\jest\\src\\admin-user.ts": {"path":"C:\\Users\\sofka\\alldz\\dz10\\jest\\src\\admin-user.ts","all":false,"statementMap":{"0":{"start":{"line":1,"column":0},"end":{"line":1,"column":30}},"1":{"start":{"line":2,"column":0},"end":{"line":2,"column":43}},"2":{"start":{"line":3,"column":0},"end":{"line":3,"column":0}},"3":{"start":{"line":4,"column":0},"end":{"line":4,"column":55}},"4":{"start":{"line":5,"column":0},"end":{"line":5,"column":31}},"5":{"start":{"line":6,"column":0},"end":{"line":6,"column":0}},"6":{"start":{"line":7,"column":0},"end":{"line":7,"column":89}},"7":{"start":{"line":8,"column":0},"end":{"line":8,"column":35}},"8":{"start":{"line":9,"column":0},"end":{"line":9,"column":37}},"9":{"start":{"line":10,"column":0},"end":{"line":10,"column":5}},"10":{"start":{"line":11,"column":0},"end":{"line":11,"column":0}},"11":{"start":{"line":12,"column":0},"end":{"line":12,"column":32}},"12":{"start":{"line":13,"column":0},"end":{"line":13,"column":30}},"13":{"start":{"line":14,"column":0},"end":{"line":14,"column":5}},"14":{"start":{"line":15,"column":0},"end":{"line":15,"column":0}},"15":{"start":{"line":16,"column":0},"end":{"line":16,"column":36}},"16":{"start":{"line":17,"column":0},"end":{"line":17,"column":31}},"17":{"start":{"line":18,"column":0},"end":{"line":18,"column":5}},"18":{"start":{"line":19,"column":0},"end":{"line":19,"column":0}},"19":{"start":{"line":20,"column":0},"end":{"line":20,"column":47}},"20":{"start":{"line":21,"column":0},"end":{"line":21,"column":32}},"21":{"start":{"line":22,"column":0},"end":{"line":22,"column":5}},"22":{"start":{"line":23,"column":0},"end":{"line":23,"column":0}},"23":{"start":{"line":24,"column":0},"end":{"line":24,"column":59}},"24":{"start":{"line":25,"column":0},"end":{"line":25,"column":48}},"25":{"start":{"line":26,"column":0},"end":{"line":26,"column":5}},"26":{"start":{"line":27,"column":0},"end":{"line":27,"column":1}}},"s":{"0":1,"1":1,"2":1,"3":1,"4":1,"5":1,"6":1,"7":2,"8":2,"9":2,"10":1,"11":1,"12":2,"13":2,"14":1,"15":1,"16":2,"17":2,"18":1,"19":1,"20":0,"21":0,"22":1,"23":1,"24":0,"25":0,"26":1},"branchMap":{"0":{"type":"branch","line":7,"loc":{"start":{"line":7,"column":4},"end":{"line":10,"column":5}},"locations":[{"start":{"line":7,"column":4},"end":{"line":10,"column":5}}]},"1":{"type":"branch","line":12,"loc":{"start":{"line":12,"column":11},"end":{"line":14,"column":5}},"locations":[{"start":{"line":12,"column":11},"end":{"line":14,"column":5}}]},"2":{"type":"branch","line":16,"loc":{"start":{"line":16,"column":11},"end":{"line":18,"column":5}},"locations":[{"start":{"line":16,"column":11},"end":{"line":18,"column":5}}]}},"b":{"0":[2],"1":[2],"2":[2]},"fnMap":{"0":{"name":"AdminUser","decl":{"start":{"line":7,"column":4},"end":{"line":10,"column":5}},"loc":{"start":{"line":7,"column":4},"end":{"line":10,"column":5}},"line":7},"1":{"name":"getRole","decl":{"start":{"line":12,"column":11},"end":{"line":14,"column":5}},"loc":{"start":{"line":12,"column":11},"end":{"line":14,"column":5}},"line":12},"2":{"name":"getAdminLevel","decl":{"start":{"line":16,"column":11},"end":{"line":18,"column":5}},"loc":{"start":{"line":16,"column":11},"end":{"line":18,"column":5}},"line":16},"3":{"name":"setAdminLevel","decl":{"start":{"line":20,"column":11},"end":{"line":22,"column":5}},"loc":{"start":{"line":20,"column":11},"end":{"line":22,"column":5}},"line":20},"4":{"name":"hasAdminAccess","decl":{"start":{"line":24,"column":11},"end":{"line":26,"column":5}},"loc":{"start":{"line":24,"column":11},"end":{"line":26,"column":5}},"line":24}},"f":{"0":2,"1":2,"2":2,"3":0,"4":0}}
,"C:\\Users\\sofka\\alldz\\dz10\\jest\\src\\index.ts": {"path":"C:\\Users\\sofka\\alldz\\dz10\\jest\\src\\index.ts","all":false,"statementMap":{"0":{"start":{"line":1,"column":0},"end":{"line":1,"column":41}},"1":{"start":{"line":2,"column":0},"end":{"line":2,"column":45}},"2":{"start":{"line":3,"column":0},"end":{"line":3,"column":45}},"3":{"start":{"line":4,"column":0},"end":{"line":4,"column":32}},"4":{"start":{"line":5,"column":0},"end":{"line":5,"column":0}},"5":{"start":{"line":6,"column":0},"end":{"line":6,"column":0}},"6":{"start":{"line":7,"column":0},"end":{"line":7,"column":52}},"7":{"start":{"line":8,"column":0},"end":{"line":8,"column":0}},"8":{"start":{"line":9,"column":0},"end":{"line":9,"column":44}},"9":{"start":{"line":10,"column":0},"end":{"line":10,"column":51}},"10":{"start":{"line":11,"column":0},"end":{"line":11,"column":45}},"11":{"start":{"line":12,"column":0},"end":{"line":12,"column":43}},"12":{"start":{"line":13,"column":0},"end":{"line":13,"column":0}},"13":{"start":{"line":14,"column":0},"end":{"line":14,"column":38}},"14":{"start":{"line":15,"column":0},"end":{"line":15,"column":0}},"15":{"start":{"line":16,"column":0},"end":{"line":16,"column":75}},"16":{"start":{"line":17,"column":0},"end":{"line":17,"column":43}},"17":{"start":{"line":18,"column":0},"end":{"line":18,"column":0}},"18":{"start":{"line":19,"column":0},"end":{"line":19,"column":60}},"19":{"start":{"line":20,"column":0},"end":{"line":20,"column":5}},"20":{"start":{"line":21,"column":0},"end":{"line":21,"column":0}},"21":{"start":{"line":22,"column":0},"end":{"line":22,"column":1}},"22":{"start":{"line":23,"column":0},"end":{"line":23,"column":0}},"23":{"start":{"line":24,"column":0},"end":{"line":24,"column":45}},"24":{"start":{"line":25,"column":0},"end":{"line":25,"column":83}},"25":{"start":{"line":26,"column":0},"end":{"line":26,"column":81}},"26":{"start":{"line":27,"column":0},"end":{"line":27,"column":78}},"27":{"start":{"line":28,"column":0},"end":{"line":28,"column":0}},"28":{"start":{"line":29,"column":0},"end":{"line":29,"column":33}},"29":{"start":{"line":30,"column":0},"end":{"line":30,"column":33}},"30":{"start":{"line":31,"column":0},"end":{"line":31,"column":31}},"31":{"start":{"line":32,"column":0},"end":{"line":32,"column":1}},"32":{"start":{"line":33,"column":0},"end":{"line":33,"column":0}},"33":{"start":{"line":34,"column":0},"end":{"line":34,"column":14}}},"s":{"0":1,"1":1,"2":1,"3":1,"4":1,"5":1,"6":6,"7":6,"8":6,"9":6,"10":6,"11":6,"12":6,"13":6,"14":2,"15":2,"16":6,"17":2,"18":2,"19":2,"20":6,"21":6,"22":1,"23":1,"24":1,"25":1,"26":1,"27":1,"28":1,"29":1,"30":1,"31":1,"32":1,"33":1},"branchMap":{"0":{"type":"branch","line":7,"loc":{"start":{"line":7,"column":0},"end":{"line":22,"column":1}},"locations":[{"start":{"line":7,"column":0},"end":{"line":22,"column":1}}]},"1":{"type":"branch","line":14,"loc":{"start":{"line":14,"column":37},"end":{"line":17,"column":5}},"locations":[{"start":{"line":14,"column":37},"end":{"line":17,"column":5}}]},"2":{"type":"branch","line":17,"loc":{"start":{"line":17,"column":5},"end":{"line":20,"column":5}},"locations":[{"start":{"line":17,"column":5},"end":{"line":20,"column":5}}]},"3":{"type":"branch","line":17,"loc":{"start":{"line":17,"column":42},"end":{"line":20,"column":5}},"locations":[{"start":{"line":17,"column":42},"end":{"line":20,"column":5}}]},"4":{"type":"branch","line":24,"loc":{"start":{"line":24,"column":0},"end":{"line":32,"column":1}},"locations":[{"start":{"line":24,"column":0},"end":{"line":32,"column":1}}]}},"b":{"0":[6],"1":[2],"2":[4],"3":[2],"4":[1]},"fnMap":{"0":{"name":"displayUserInfo","decl":{"start":{"line":7,"column":0},"end":{"line":22,"column":1}},"loc":{"start":{"line":7,"column":0},"end":{"line":22,"column":1}},"line":7},"1":{"name":"createUsers","decl":{"start":{"line":24,"column":0},"end":{"line":32,"column":1}},"loc":{"start":{"line":24,"column":0},"end":{"line":32,"column":1}},"line":24}},"f":{"0":6,"1":1}}
,"C:\\Users\\sofka\\alldz\\dz10\\jest\\src\\iuser.ts": {"path":"C:\\Users\\sofka\\alldz\\dz10\\jest\\src\\iuser.ts","all":false,"statementMap":{"0":{"start":{"line":1,"column":0},"end":{"line":1,"column":22}},"1":{"start":{"line":2,"column":0},"end":{"line":2,"column":24}},"2":{"start":{"line":3,"column":0},"end":{"line":3,"column":24}},"3":{"start":{"line":4,"column":0},"end":{"line":4,"column":19}},"4":{"start":{"line":5,"column":0},"end":{"line":5,"column":1}},"5":{"start":{"line":6,"column":0},"end":{"line":6,"column":24}},"6":{"start":{"line":7,"column":0},"end":{"line":7,"column":20}},"7":{"start":{"line":8,"column":0},"end":{"line":8,"column":26}},"8":{"start":{"line":9,"column":0},"end":{"line":9,"column":40}},"9":{"start":{"line":10,"column":0},"end":{"line":10,"column":23}},"10":{"start":{"line":11,"column":0},"end":{"line":11,"column":34}},"11":{"start":{"line":12,"column":0},"end":{"line":12,"column":24}},"12":{"start":{"line":13,"column":0},"end":{"line":13,"column":1}},"13":{"start":{"line":14,"column":0},"end":{"line":14,"column":25}},"14":{"start":{"line":15,"column":0},"end":{"line":15,"column":28}},"15":{"start":{"line":16,"column":0},"end":{"line":16,"column":39}},"16":{"start":{"line":17,"column":0},"end":{"line":17,"column":51}},"17":{"start":{"line":18,"column":0},"end":{"line":18,"column":1}},"18":{"start":{"line":19,"column":0},"end":{"line":19,"column":27}},"19":{"start":{"line":20,"column":0},"end":{"line":20,"column":35}},"20":{"start":{"line":21,"column":0},"end":{"line":21,"column":45}},"21":{"start":{"line":22,"column":0},"end":{"line":22,"column":45}},"22":{"start":{"line":23,"column":0},"end":{"line":23,"column":1}}},"s":{"0":1,"1":1,"2":1,"3":1,"4":1,"5":1,"6":1,"7":1,"8":1,"9":1,"10":1,"11":1,"12":1,"13":1,"14":1,"15":1,"16":1,"17":1,"18":1,"19":1,"20":1,"21":1,"22":1},"branchMap":{"0":{"type":"branch","line":1,"loc":{"start":{"line":1,"column":0},"end":{"line":5,"column":1}},"locations":[{"start":{"line":1,"column":0},"end":{"line":5,"column":1}}]}},"b":{"0":[1]},"fnMap":{},"f":{}}
,"C:\\Users\\sofka\\alldz\\dz10\\jest\\src\\premium-user.ts": {"path":"C:\\Users\\sofka\\alldz\\dz10\\jest\\src\\premium-user.ts","all":false,"statementMap":{"0":{"start":{"line":1,"column":0},"end":{"line":1,"column":30}},"1":{"start":{"line":2,"column":0},"end":{"line":2,"column":45}},"2":{"start":{"line":3,"column":0},"end":{"line":3,"column":0}},"3":{"start":{"line":4,"column":0},"end":{"line":4,"column":59}},"4":{"start":{"line":5,"column":0},"end":{"line":5,"column":38}},"5":{"start":{"line":6,"column":0},"end":{"line":6,"column":0}},"6":{"start":{"line":7,"column":0},"end":{"line":7,"column":97}},"7":{"start":{"line":8,"column":0},"end":{"line":8,"column":35}},"8":{"start":{"line":9,"column":0},"end":{"line":9,"column":46}},"9":{"start":{"line":10,"column":0},"end":{"line":10,"column":100}},"10":{"start":{"line":11,"column":0},"end":{"line":11,"column":5}},"11":{"start":{"line":12,"column":0},"end":{"line":12,"column":0}},"12":{"start":{"line":13,"column":0},"end":{"line":13,"column":32}},"13":{"start":{"line":14,"column":0},"end":{"line":14,"column":32}},"14":{"start":{"line":15,"column":0},"end":{"line":15,"column":5}},"15":{"start":{"line":16,"column":0},"end":{"line":16,"column":0}},"16":{"start":{"line":17,"column":0},"end":{"line":17,"column":43}},"17":{"start":{"line":18,"column":0},"end":{"line":18,"column":40}},"18":{"start":{"line":19,"column":0},"end":{"line":19,"column":5}},"19":{"start":{"line":20,"column":0},"end":{"line":20,"column":0}},"20":{"start":{"line":21,"column":0},"end":{"line":21,"column":53}},"21":{"start":{"line":22,"column":0},"end":{"line":22,"column":40}},"22":{"start":{"line":23,"column":0},"end":{"line":23,"column":5}},"23":{"start":{"line":24,"column":0},"end":{"line":24,"column":0}},"24":{"start":{"line":25,"column":0},"end":{"line":25,"column":53}},"25":{"start":{"line":26,"column":0},"end":{"line":26,"column":59}},"26":{"start":{"line":27,"column":0},"end":{"line":27,"column":54}},"27":{"start":{"line":28,"column":0},"end":{"line":28,"column":43}},"28":{"start":{"line":29,"column":0},"end":{"line":29,"column":5}},"29":{"start":{"line":30,"column":0},"end":{"line":30,"column":1}}},"s":{"0":1,"1":1,"2":1,"3":1,"4":1,"5":1,"6":1,"7":2,"8":2,"9":2,"10":2,"11":1,"12":1,"13":2,"14":2,"15":1,"16":1,"17":2,"18":2,"19":1,"20":1,"21":0,"22":0,"23":1,"24":1,"25":0,"26":0,"27":0,"28":0,"29":1},"branchMap":{"0":{"type":"branch","line":7,"loc":{"start":{"line":7,"column":4},"end":{"line":11,"column":5}},"locations":[{"start":{"line":7,"column":4},"end":{"line":11,"column":5}}]},"1":{"type":"branch","line":13,"loc":{"start":{"line":13,"column":11},"end":{"line":15,"column":5}},"locations":[{"start":{"line":13,"column":11},"end":{"line":15,"column":5}}]},"2":{"type":"branch","line":17,"loc":{"start":{"line":17,"column":11},"end":{"line":19,"column":5}},"locations":[{"start":{"line":17,"column":11},"end":{"line":19,"column":5}}]}},"b":{"0":[2],"1":[2],"2":[2]},"fnMap":{"0":{"name":"PremiumUser","decl":{"start":{"line":7,"column":4},"end":{"line":11,"column":5}},"loc":{"start":{"line":7,"column":4},"end":{"line":11,"column":5}},"line":7},"1":{"name":"getRole","decl":{"start":{"line":13,"column":11},"end":{"line":15,"column":5}},"loc":{"start":{"line":13,"column":11},"end":{"line":15,"column":5}},"line":13},"2":{"name":"getSubscriptionEndDate","decl":{"start":{"line":17,"column":11},"end":{"line":19,"column":5}},"loc":{"start":{"line":17,"column":11},"end":{"line":19,"column":5}},"line":17},"3":{"name":"setSubscriptionEndDate","decl":{"start":{"line":21,"column":11},"end":{"line":23,"column":5}},"loc":{"start":{"line":21,"column":11},"end":{"line":23,"column":5}},"line":21},"4":{"name":"extendSubscription","decl":{"start":{"line":25,"column":11},"end":{"line":29,"column":5}},"loc":{"start":{"line":25,"column":11},"end":{"line":29,"column":5}},"line":25}},"f":{"0":2,"1":2,"2":2,"3":0,"4":0}}
,"C:\\Users\\sofka\\alldz\\dz10\\jest\\src\\regular-user.ts": {"path":"C:\\Users\\sofka\\alldz\\dz10\\jest\\src\\regular-user.ts","all":false,"statementMap":{"0":{"start":{"line":1,"column":0},"end":{"line":1,"column":30}},"1":{"start":{"line":2,"column":0},"end":{"line":2,"column":35}},"2":{"start":{"line":3,"column":0},"end":{"line":3,"column":0}},"3":{"start":{"line":4,"column":0},"end":{"line":4,"column":39}},"4":{"start":{"line":5,"column":0},"end":{"line":5,"column":69}},"5":{"start":{"line":6,"column":0},"end":{"line":6,"column":35}},"6":{"start":{"line":7,"column":0},"end":{"line":7,"column":5}},"7":{"start":{"line":8,"column":0},"end":{"line":8,"column":0}},"8":{"start":{"line":9,"column":0},"end":{"line":9,"column":32}},"9":{"start":{"line":10,"column":0},"end":{"line":10,"column":32}},"10":{"start":{"line":11,"column":0},"end":{"line":11,"column":5}},"11":{"start":{"line":12,"column":0},"end":{"line":12,"column":1}}},"s":{"0":1,"1":1,"2":1,"3":1,"4":1,"5":2,"6":2,"7":1,"8":1,"9":2,"10":2,"11":1},"branchMap":{"0":{"type":"branch","line":5,"loc":{"start":{"line":5,"column":4},"end":{"line":7,"column":5}},"locations":[{"start":{"line":5,"column":4},"end":{"line":7,"column":5}}]},"1":{"type":"branch","line":9,"loc":{"start":{"line":9,"column":11},"end":{"line":11,"column":5}},"locations":[{"start":{"line":9,"column":11},"end":{"line":11,"column":5}}]}},"b":{"0":[2],"1":[2]},"fnMap":{"0":{"name":"RegularUser","decl":{"start":{"line":5,"column":4},"end":{"line":7,"column":5}},"loc":{"start":{"line":5,"column":4},"end":{"line":7,"column":5}},"line":5},"1":{"name":"getRole","decl":{"start":{"line":9,"column":11},"end":{"line":11,"column":5}},"loc":{"start":{"line":9,"column":11},"end":{"line":11,"column":5}},"line":9}},"f":{"0":2,"1":2}}
,"C:\\Users\\sofka\\alldz\\dz10\\jest\\src\\user.ts": {"path":"C:\\Users\\sofka\\alldz\\dz10\\jest\\src\\user.ts","all":false,"statementMap":{"0":{"start":{"line":1,"column":0},"end":{"line":1,"column":42}},"1":{"start":{"line":2,"column":0},"end":{"line":2,"column":0}},"2":{"start":{"line":3,"column":0},"end":{"line":3,"column":45}},"3":{"start":{"line":4,"column":0},"end":{"line":4,"column":25}},"4":{"start":{"line":5,"column":0},"end":{"line":5,"column":31}},"5":{"start":{"line":6,"column":0},"end":{"line":6,"column":28}},"6":{"start":{"line":7,"column":0},"end":{"line":7,"column":30}},"7":{"start":{"line":8,"column":0},"end":{"line":8,"column":0}},"8":{"start":{"line":9,"column":0},"end":{"line":9,"column":69}},"9":{"start":{"line":10,"column":0},"end":{"line":10,"column":21}},"10":{"start":{"line":11,"column":0},"end":{"line":11,"column":33}},"11":{"start":{"line":12,"column":0},"end":{"line":12,"column":27}},"12":{"start":{"line":13,"column":0},"end":{"line":13,"column":36}},"13":{"start":{"line":14,"column":0},"end":{"line":14,"column":5}},"14":{"start":{"line":15,"column":0},"end":{"line":15,"column":0}},"15":{"start":{"line":16,"column":0},"end":{"line":16,"column":28}},"16":{"start":{"line":17,"column":0},"end":{"line":17,"column":23}},"17":{"start":{"line":18,"column":0},"end":{"line":18,"column":5}},"18":{"start":{"line":19,"column":0},"end":{"line":19,"column":0}},"19":{"start":{"line":20,"column":0},"end":{"line":20,"column":34}},"20":{"start":{"line":21,"column":0},"end":{"line":21,"column":29}},"21":{"start":{"line":22,"column":0},"end":{"line":22,"column":5}},"22":{"start":{"line":23,"column":0},"end":{"line":23,"column":0}},"23":{"start":{"line":24,"column":0},"end":{"line":24,"column":48}},"24":{"start":{"line":25,"column":0},"end":{"line":25,"column":33}},"25":{"start":{"line":26,"column":0},"end":{"line":26,"column":5}},"26":{"start":{"line":27,"column":0},"end":{"line":27,"column":0}},"27":{"start":{"line":28,"column":0},"end":{"line":28,"column":31}},"28":{"start":{"line":29,"column":0},"end":{"line":29,"column":26}},"29":{"start":{"line":30,"column":0},"end":{"line":30,"column":5}},"30":{"start":{"line":31,"column":0},"end":{"line":31,"column":0}},"31":{"start":{"line":32,"column":0},"end":{"line":32,"column":42}},"32":{"start":{"line":33,"column":0},"end":{"line":33,"column":27}},"33":{"start":{"line":34,"column":0},"end":{"line":34,"column":5}},"34":{"start":{"line":35,"column":0},"end":{"line":35,"column":0}},"35":{"start":{"line":36,"column":0},"end":{"line":36,"column":36}},"36":{"start":{"line":37,"column":0},"end":{"line":37,"column":30}},"37":{"start":{"line":38,"column":0},"end":{"line":38,"column":5}},"38":{"start":{"line":39,"column":0},"end":{"line":39,"column":0}},"39":{"start":{"line":40,"column":0},"end":{"line":40,"column":40}},"40":{"start":{"line":41,"column":0},"end":{"line":41,"column":1}}},"s":{"0":1,"1":1,"2":1,"3":1,"4":1,"5":1,"6":1,"7":1,"8":1,"9":6,"10":6,"11":6,"12":6,"13":6,"14":1,"15":1,"16":6,"17":6,"18":1,"19":1,"20":6,"21":6,"22":1,"23":1,"24":0,"25":0,"26":1,"27":1,"28":6,"29":6,"30":1,"31":1,"32":0,"33":0,"34":1,"35":1,"36":0,"37":0,"38":1,"39":1,"40":1},"branchMap":{"0":{"type":"branch","line":9,"loc":{"start":{"line":9,"column":4},"end":{"line":14,"column":5}},"locations":[{"start":{"line":9,"column":4},"end":{"line":14,"column":5}}]},"1":{"type":"branch","line":16,"loc":{"start":{"line":16,"column":11},"end":{"line":18,"column":5}},"locations":[{"start":{"line":16,"column":11},"end":{"line":18,"column":5}}]},"2":{"type":"branch","line":20,"loc":{"start":{"line":20,"column":11},"end":{"line":22,"column":5}},"locations":[{"start":{"line":20,"column":11},"end":{"line":22,"column":5}}]},"3":{"type":"branch","line":28,"loc":{"start":{"line":28,"column":11},"end":{"line":30,"column":5}},"locations":[{"start":{"line":28,"column":11},"end":{"line":30,"column":5}}]}},"b":{"0":[6],"1":[6],"2":[6],"3":[6]},"fnMap":{"0":{"name":"User","decl":{"start":{"line":9,"column":4},"end":{"line":14,"column":5}},"loc":{"start":{"line":9,"column":4},"end":{"line":14,"column":5}},"line":9},"1":{"name":"getId","decl":{"start":{"line":16,"column":11},"end":{"line":18,"column":5}},"loc":{"start":{"line":16,"column":11},"end":{"line":18,"column":5}},"line":16},"2":{"name":"getUsername","decl":{"start":{"line":20,"column":11},"end":{"line":22,"column":5}},"loc":{"start":{"line":20,"column":11},"end":{"line":22,"column":5}},"line":20},"3":{"name":"setUsername","decl":{"start":{"line":24,"column":11},"end":{"line":26,"column":5}},"loc":{"start":{"line":24,"column":11},"end":{"line":26,"column":5}},"line":24},"4":{"name":"getEmail","decl":{"start":{"line":28,"column":11},"end":{"line":30,"column":5}},"loc":{"start":{"line":28,"column":11},"end":{"line":30,"column":5}},"line":28},"5":{"name":"setEmail","decl":{"start":{"line":32,"column":11},"end":{"line":34,"column":5}},"loc":{"start":{"line":32,"column":11},"end":{"line":34,"column":5}},"line":32},"6":{"name":"getCreationDate","decl":{"start":{"line":36,"column":11},"end":{"line":38,"column":5}},"loc":{"start":{"line":36,"column":11},"end":{"line":38,"column":5}},"line":36}},"f":{"0":6,"1":6,"2":6,"3":0,"4":6,"5":0,"6":0}}
}
