TN:
SF:src\admin-user.ts
FN:7,AdminUser
FN:12,getRole
FN:16,getAdminLevel
FN:20,setAdminLevel
FN:24,hasAdminAccess
FNF:5
FNH:3
FNDA:2,AdminUser
FNDA:2,getRole
FNDA:2,getAdminLevel
FNDA:0,setAdminLevel
FNDA:0,hasAdminAccess
DA:1,1
DA:2,1
DA:3,1
DA:4,1
DA:5,1
DA:6,1
DA:7,1
DA:8,2
DA:9,2
DA:10,2
DA:11,1
DA:12,1
DA:13,2
DA:14,2
DA:15,1
DA:16,1
DA:17,2
DA:18,2
DA:19,1
DA:20,1
DA:21,0
DA:22,0
DA:23,1
DA:24,1
DA:25,0
DA:26,0
DA:27,1
LF:27
LH:23
BRDA:7,0,0,2
BRDA:12,1,0,2
BRDA:16,2,0,2
BRF:3
BRH:3
end_of_record
TN:
SF:src\index.ts
FN:7,displayUserInfo
FN:24,createUsers
FNF:2
FNH:2
FNDA:6,displayUserInfo
FNDA:1,createUsers
DA:1,1
DA:2,1
DA:3,1
DA:4,1
DA:5,1
DA:6,1
DA:7,6
DA:8,6
DA:9,6
DA:10,6
DA:11,6
DA:12,6
DA:13,6
DA:14,6
DA:15,2
DA:16,2
DA:17,6
DA:18,2
DA:19,2
DA:20,2
DA:21,6
DA:22,6
DA:23,1
DA:24,1
DA:25,1
DA:26,1
DA:27,1
DA:28,1
DA:29,1
DA:30,1
DA:31,1
DA:32,1
DA:33,1
DA:34,1
LF:34
LH:34
BRDA:7,0,0,6
BRDA:14,1,0,2
BRDA:17,2,0,4
BRDA:17,3,0,2
BRDA:24,4,0,1
BRF:5
BRH:5
end_of_record
TN:
SF:src\iuser.ts
FNF:0
FNH:0
DA:1,1
DA:2,1
DA:3,1
DA:4,1
DA:5,1
DA:6,1
DA:7,1
DA:8,1
DA:9,1
DA:10,1
DA:11,1
DA:12,1
DA:13,1
DA:14,1
DA:15,1
DA:16,1
DA:17,1
DA:18,1
DA:19,1
DA:20,1
DA:21,1
DA:22,1
DA:23,1
LF:23
LH:23
BRDA:1,0,0,1
BRF:1
BRH:1
end_of_record
TN:
SF:src\premium-user.ts
FN:7,PremiumUser
FN:13,getRole
FN:17,getSubscriptionEndDate
FN:21,setSubscriptionEndDate
FN:25,extendSubscription
FNF:5
FNH:3
FNDA:2,PremiumUser
FNDA:2,getRole
FNDA:2,getSubscriptionEndDate
FNDA:0,setSubscriptionEndDate
FNDA:0,extendSubscription
DA:1,1
DA:2,1
DA:3,1
DA:4,1
DA:5,1
DA:6,1
DA:7,1
DA:8,2
DA:9,2
DA:10,2
DA:11,2
DA:12,1
DA:13,1
DA:14,2
DA:15,2
DA:16,1
DA:17,1
DA:18,2
DA:19,2
DA:20,1
DA:21,1
DA:22,0
DA:23,0
DA:24,1
DA:25,1
DA:26,0
DA:27,0
DA:28,0
DA:29,0
DA:30,1
LF:30
LH:24
BRDA:7,0,0,2
BRDA:13,1,0,2
BRDA:17,2,0,2
BRF:3
BRH:3
end_of_record
TN:
SF:src\regular-user.ts
FN:5,RegularUser
FN:9,getRole
FNF:2
FNH:2
FNDA:2,RegularUser
FNDA:2,getRole
DA:1,1
DA:2,1
DA:3,1
DA:4,1
DA:5,1
DA:6,2
DA:7,2
DA:8,1
DA:9,1
DA:10,2
DA:11,2
DA:12,1
LF:12
LH:12
BRDA:5,0,0,2
BRDA:9,1,0,2
BRF:2
BRH:2
end_of_record
TN:
SF:src\user.ts
FN:9,User
FN:16,getId
FN:20,getUsername
FN:24,setUsername
FN:28,getEmail
FN:32,setEmail
FN:36,getCreationDate
FNF:7
FNH:4
FNDA:6,User
FNDA:6,getId
FNDA:6,getUsername
FNDA:0,setUsername
FNDA:6,getEmail
FNDA:0,setEmail
FNDA:0,getCreationDate
DA:1,1
DA:2,1
DA:3,1
DA:4,1
DA:5,1
DA:6,1
DA:7,1
DA:8,1
DA:9,1
DA:10,6
DA:11,6
DA:12,6
DA:13,6
DA:14,6
DA:15,1
DA:16,1
DA:17,6
DA:18,6
DA:19,1
DA:20,1
DA:21,6
DA:22,6
DA:23,1
DA:24,1
DA:25,0
DA:26,0
DA:27,1
DA:28,1
DA:29,6
DA:30,6
DA:31,1
DA:32,1
DA:33,0
DA:34,0
DA:35,1
DA:36,1
DA:37,0
DA:38,0
DA:39,1
DA:40,1
DA:41,1
LF:41
LH:35
BRDA:9,0,0,6
BRDA:16,1,0,6
BRDA:20,2,0,6
BRDA:28,3,0,6
BRF:4
BRH:4
end_of_record
